1614848540.614539 client started (51819): version 3.1c, socket /private/tmp/tmux-101175/default, protocol 8
1614848540.614590 on Darwin 18.7.0 Darwin Kernel Version 18.7.0: Tue Jan 12 22:04:47 PST 2021; root:xnu-4903.278.56~1/RELEASE_X86_64; libevent 2.1.12-stable (select)
1614848540.614622 socket is /private/tmp/tmux-101175/default
1614848540.614638 trying connect
1614848540.614714 add peer 0x7fbc38000000: 6 (0x0)
1614848540.615493 sending message 100 to peer 0x7fbc38000000 (4 bytes)
1614848540.615508 sending message 101 to peer 0x7fbc38000000 (6 bytes)
1614848540.615515 sending message 102 to peer 0x7fbc38000000 (13 bytes)
1614848540.615521 sending message 108 to peer 0x7fbc38000000 (29 bytes)
1614848540.615533 sending message 104 to peer 0x7fbc38000000 (0 bytes)
1614848540.615539 sending message 107 to peer 0x7fbc38000000 (4 bytes)
1614848540.615544 sending message 105 to peer 0x7fbc38000000 (13 bytes)
1614848540.615550 sending message 105 to peer 0x7fbc38000000 (16 bytes)
1614848540.615555 sending message 105 to peer 0x7fbc38000000 (20 bytes)
1614848540.615561 sending message 105 to peer 0x7fbc38000000 (117 bytes)
1614848540.615566 sending message 105 to peer 0x7fbc38000000 (23 bytes)
1614848540.615571 sending message 105 to peer 0x7fbc38000000 (15 bytes)
1614848540.615577 sending message 105 to peer 0x7fbc38000000 (11 bytes)
1614848540.615582 sending message 105 to peer 0x7fbc38000000 (30 bytes)
1614848540.615588 sending message 105 to peer 0x7fbc38000000 (44 bytes)
1614848540.615593 sending message 105 to peer 0x7fbc38000000 (21 bytes)
1614848540.615598 sending message 105 to peer 0x7fbc38000000 (57 bytes)
1614848540.615604 sending message 105 to peer 0x7fbc38000000 (8 bytes)
1614848540.615609 sending message 105 to peer 0x7fbc38000000 (33 bytes)
1614848540.615614 sending message 105 to peer 0x7fbc38000000 (22 bytes)
1614848540.615620 sending message 105 to peer 0x7fbc38000000 (32 bytes)
1614848540.615625 sending message 106 to peer 0x7fbc38000000 (0 bytes)
1614848540.615632 sending message 200 to peer 0x7fbc38000000 (4 bytes)
1614848540.615638 client loop enter
1614848540.618641 peer 0x7fbc38000000 message 207
1614848540.618662 sending message 208 to peer 0x7fbc38000000 (0 bytes)
1614848695.338673 sending message 205 to peer 0x7fbc38000000 (0 bytes)
1614848695.338749 client loop exit
