1614218490.494964 client started (54995): version 3.1c, socket /private/tmp/tmux-101175/default, protocol 8
1614218490.495034 on Darwin 18.7.0 Darwin Kernel Version 18.7.0: Tue Jan 12 22:04:47 PST 2021; root:xnu-4903.278.56~1/RELEASE_X86_64; libevent 2.1.12-stable (select)
1614218490.495079 socket is /private/tmp/tmux-101175/default
1614218490.495101 trying connect
1614218490.495128 connect failed: Connection refused
1614218490.495194 lock file is /private/tmp/tmux-101175/default.lock
1614218490.495613 flock succeeded
1614218490.495629 got lock (6)
1614218490.495640 trying connect
1614218490.495654 connect failed: Connection refused
1614218490.496151 add peer 0x7fbd10040000: 7 (0x0)
1614218490.497486 sending message 100 to peer 0x7fbd10040000 (4 bytes)
1614218490.497514 sending message 101 to peer 0x7fbd10040000 (6 bytes)
1614218490.497525 sending message 102 to peer 0x7fbd10040000 (13 bytes)
1614218490.497535 sending message 108 to peer 0x7fbd10040000 (52 bytes)
1614218490.497555 sending message 104 to peer 0x7fbd10040000 (0 bytes)
1614218490.497567 sending message 107 to peer 0x7fbd10040000 (4 bytes)
1614218490.497577 sending message 105 to peer 0x7fbd10040000 (13 bytes)
1614218490.497588 sending message 105 to peer 0x7fbd10040000 (16 bytes)
1614218490.497598 sending message 105 to peer 0x7fbd10040000 (20 bytes)
1614218490.497609 sending message 105 to peer 0x7fbd10040000 (117 bytes)
1614218490.497618 sending message 105 to peer 0x7fbd10040000 (23 bytes)
1614218490.497626 sending message 105 to peer 0x7fbd10040000 (15 bytes)
1614218490.497639 sending message 105 to peer 0x7fbd10040000 (11 bytes)
1614218490.497649 sending message 105 to peer 0x7fbd10040000 (30 bytes)
1614218490.497658 sending message 105 to peer 0x7fbd10040000 (44 bytes)
1614218490.497667 sending message 105 to peer 0x7fbd10040000 (21 bytes)
1614218490.497676 sending message 105 to peer 0x7fbd10040000 (57 bytes)
1614218490.497687 sending message 105 to peer 0x7fbd10040000 (8 bytes)
1614218490.497697 sending message 105 to peer 0x7fbd10040000 (56 bytes)
1614218490.497708 sending message 105 to peer 0x7fbd10040000 (36 bytes)
1614218490.497717 sending message 105 to peer 0x7fbd10040000 (32 bytes)
1614218490.497726 sending message 106 to peer 0x7fbd10040000 (0 bytes)
1614218490.497738 sending message 200 to peer 0x7fbd10040000 (4 bytes)
1614218490.497750 client loop enter
1614218490.539894 peer 0x7fbd10040000 message 207
1614218490.539911 sending message 208 to peer 0x7fbd10040000 (0 bytes)
